[2026-03-15 17:46:10] SESSION_START | User: System Owner | ID: 30114413
[2026-03-15 17:50:23] User: 30114413 | REMOVE_STUDENT | ID: STU006
[2026-03-15 17:50:26] User: System Owner | UNDO | State reverted.
[2026-03-15 17:55:13] SESSION_START | User: System Owner | ID: 30114413
[2026-03-15 17:59:38] SESSION_START | User: System Owner | ID: 30114413
[2026-03-15 18:00:25] SESSION_START | User: System Owner | ID: 30114413
[2026-03-16 00:26:49] SESSION_START | User: System Owner | ID: 30114413
[2026-03-16 00:31:07] SESSION_END | User: System Owner
[2026-03-16 00:31:27] SESSION_START | User: Chioma Adekunle | ID: 1001
[2026-03-16 00:34:05] User: Chioma Adekunle | UNDO | State reverted.
[2026-03-16 00:35:23] SESSION_END | User: Chioma Adekunle
[2026-03-16 00:35:34] SESSION_START | User: Ibrahim Suleiman | ID: 1002
[2026-03-16 00:48:39] SESSION_END | User: Ibrahim Suleiman
[2026-03-16 08:58:02] SESSION_START | User: System Owner | ID: 30114413
[2026-03-16 12:17:12] SESSION_START | User: System Owner | ID: 30114413
[2026-03-16 12:23:20] User: 30114413 | UPDATE | Item BK001 updated: Edit
[2026-03-16 12:23:46] User: System Owner | UNDO | State reverted.
[2026-03-16 12:51:31] SESSION_START | User: System Owner | ID: 30114413
[2026-03-16 13:26:36] SESSION_START | User: System Owner | ID: 30114413
[2026-03-16 13:29:31] SESSION_START | User: System Owner | ID: 30114413
[2026-03-16 13:50:56] SESSION_START | User: System Owner | ID: 30114413
[2026-03-16 13:59:53] SESSION_START | User: System Owner | ID: 30114413
[2026-03-16 14:03:26] SESSION_START | User: System Owner | ID: 30114413
[2026-03-16 14:05:16] SESSION_START | User: System Owner | ID: 30114413
[2026-03-16 14:12:13] SESSION_START | User: System Owner | ID: 30114413
[2026-03-16 14:18:40] User: 30114413 | BORROW | Fatima Ibrahim borrowed ACM Computing Surveys
[2026-03-16 14:26:17] SESSION_START | User: System Owner | ID: 30114413
[2026-03-16 14:28:01] User: System Owner | UNDO | State reverted.
[2026-03-16 14:28:05] User: System Owner | UNDO | State reverted.
[2026-03-16 14:28:11] User: System Owner | REDO | State restored.
[2026-03-16 14:28:15] User: System Owner | UNDO | State reverted.
[2026-03-16 14:34:24] SESSION_START | User: System Owner | ID: 30114413
[2026-03-16 14:37:28] SESSION_START | User: System Owner | ID: 30114413
[2026-03-16 14:41:34] SESSION_START | User: System Owner | ID: 30114413
[2026-03-16 14:49:49] SESSION_START | User: System Owner | ID: 30114413
[2026-03-16 14:51:50] User: 30114413 | PASS_RESET | ID: 30114413
[2026-03-16 14:52:02] SESSION_END | User: System Owner
[2026-03-16 14:52:13] SESSION_START | User: System Owner | ID: 30114413
[2026-03-16 15:33:26] User: 30114413 | PASS_RESET | ID: 30114413
[2026-03-16 15:35:58] SESSION_START | User: System Owner | ID: 30114413
[2026-03-16 16:01:37] SESSION_START | User: System Owner | ID: 30114413
[2026-03-16 16:08:31] SESSION_START | User: System Owner | ID: 30114413
[2026-03-16 16:29:36] SESSION_START | User: System Owner | ID: 30114413
[2026-03-16 16:39:48] SESSION_START | User: System Owner | ID: 30114413
[2026-03-16 16:46:16] SESSION_START | User: System Owner | ID: 30114413
[2026-03-16 17:57:04] SESSION_START | User: System Owner | ID: 30114413
[2026-03-16 18:11:49] User: 30114413 | ADD_STUDENT | Jeremiah King
[2026-03-16 18:12:29] User: System Owner | UNDO | State reverted.
[2026-03-16 18:12:34] User: System Owner | UNDO | State reverted.
[2026-03-16 18:12:37] User: System Owner | REDO | State restored.
[2026-03-16 18:17:25] User: 30114413 | DELETE | BK001 - Obsolete
[2026-03-16 18:17:30] User: System Owner | UNDO | State reverted.
[2026-03-16 18:17:35] User: System Owner | UNDO | State reverted.
[2026-03-16 18:17:54] User: System Owner | REDO | State restored.
[2026-03-16 18:17:58] User: System Owner | REDO | State restored.
[2026-03-16 18:18:01] User: System Owner | UNDO | State reverted.
[2026-03-16 18:50:03] SESSION_START | User: System Owner | ID: 30114413
[2026-03-16 19:34:49] SESSION_END | User: System Owner
[2026-03-16 19:35:02] SESSION_START | User: System Owner | ID: 30114413
[2026-03-16 19:35:31] SESSION_END | User: System Owner
[2026-03-16 19:35:59] SESSION_START | User: Chioma Adekunle | ID: 1001
[2026-03-16 19:37:16] SESSION_END | User: Chioma Adekunle
[2026-03-16 19:37:25] SESSION_START | User: System Owner | ID: 30114413
[2026-03-16 20:13:16] SESSION_START | User: System Owner | ID: 30114413
[2026-03-16 20:33:10] SESSION_START | User: System Owner | ID: 30114413
[2026-03-16 20:46:32] SESSION_START | User: System Owner | ID: 30114413
[2026-03-16 20:57:39] SESSION_START | User: Chioma Adekunle | ID: 1001
[2026-03-16 22:06:40] SESSION_START | User: System Owner | ID: 30114413
[2026-03-16 22:32:16] SESSION_END | User: System Owner
[2026-03-16 22:32:28] SESSION_START | User: System Owner | ID: 30114413
[2026-03-16 22:35:16] SESSION_END | User: System Owner
[2026-03-16 22:35:58] SESSION_START | User: System Owner | ID: 30114413
[2026-03-16 22:37:00] SESSION_END | User: System Owner
[2026-03-16 22:37:36] SESSION_START | User: System Owner | ID: 30114413
